{"/home/davi/Documentos/Projetos/JS_EXPERT/js-expert-study/aula04-coverage-e2e/api.js":{"path":"/home/davi/Documentos/Projetos/JS_EXPERT/js-expert-study/aula04-coverage-e2e/api.js","statementMap":{"0":{"start":{"line":1,"column":13},"end":{"line":1,"column":28}},"1":{"start":{"line":2,"column":21},"end":{"line":2,"column":59}},"2":{"start":{"line":4,"column":15},"end":{"line":37,"column":1}},"3":{"start":{"line":6,"column":4},"end":{"line":6,"column":61}},"4":{"start":{"line":7,"column":4},"end":{"line":7,"column":38}},"5":{"start":{"line":8,"column":4},"end":{"line":8,"column":26}},"6":{"start":{"line":12,"column":15},"end":{"line":12,"column":17}},"7":{"start":{"line":13,"column":4},"end":{"line":15,"column":7}},"8":{"start":{"line":14,"column":6},"end":{"line":14,"column":20}},"9":{"start":{"line":16,"column":4},"end":{"line":29,"column":7}},"10":{"start":{"line":17,"column":19},"end":{"line":17,"column":35}},"11":{"start":{"line":18,"column":6},"end":{"line":25,"column":9}},"12":{"start":{"line":22,"column":10},"end":{"line":22,"column":67}},"13":{"start":{"line":23,"column":10},"end":{"line":23,"column":42}},"14":{"start":{"line":24,"column":10},"end":{"line":24,"column":32}},"15":{"start":{"line":26,"column":6},"end":{"line":26,"column":63}},"16":{"start":{"line":27,"column":6},"end":{"line":27,"column":47}},"17":{"start":{"line":28,"column":6},"end":{"line":28,"column":28}},"18":{"start":{"line":33,"column":4},"end":{"line":33,"column":61}},"19":{"start":{"line":34,"column":4},"end":{"line":34,"column":35}},"20":{"start":{"line":35,"column":4},"end":{"line":35,"column":26}},"21":{"start":{"line":39,"column":16},"end":{"line":45,"column":1}},"22":{"start":{"line":40,"column":26},"end":{"line":40,"column":33}},"23":{"start":{"line":42,"column":19},"end":{"line":42,"column":51}},"24":{"start":{"line":43,"column":17},"end":{"line":43,"column":51}},"25":{"start":{"line":44,"column":2},"end":{"line":44,"column":35}},"26":{"start":{"line":47,"column":12},"end":{"line":49,"column":78}},"27":{"start":{"line":49,"column":22},"end":{"line":49,"column":77}},"28":{"start":{"line":51,"column":0},"end":{"line":51,"column":21}}},"fnMap":{"0":{"name":"(anonymous_0)","decl":{"start":{"line":5,"column":18},"end":{"line":5,"column":19}},"loc":{"start":{"line":5,"column":41},"end":{"line":9,"column":3}},"line":5},"1":{"name":"(anonymous_1)","decl":{"start":{"line":11,"column":17},"end":{"line":11,"column":18}},"loc":{"start":{"line":11,"column":40},"end":{"line":30,"column":3}},"line":11},"2":{"name":"(anonymous_2)","decl":{"start":{"line":13,"column":23},"end":{"line":13,"column":24}},"loc":{"start":{"line":13,"column":32},"end":{"line":15,"column":5}},"line":13},"3":{"name":"(anonymous_3)","decl":{"start":{"line":16,"column":22},"end":{"line":16,"column":23}},"loc":{"start":{"line":16,"column":28},"end":{"line":29,"column":5}},"line":16},"4":{"name":"(anonymous_4)","decl":{"start":{"line":32,"column":11},"end":{"line":32,"column":12}},"loc":{"start":{"line":32,"column":34},"end":{"line":36,"column":3}},"line":32},"5":{"name":"(anonymous_5)","decl":{"start":{"line":39,"column":16},"end":{"line":39,"column":17}},"loc":{"start":{"line":39,"column":45},"end":{"line":45,"column":1}},"line":39},"6":{"name":"(anonymous_6)","decl":{"start":{"line":49,"column":16},"end":{"line":49,"column":17}},"loc":{"start":{"line":49,"column":22},"end":{"line":49,"column":77}},"line":49}},"branchMap":{"0":{"loc":{"start":{"line":18,"column":6},"end":{"line":25,"column":9}},"type":"if","locations":[{"start":{"line":18,"column":6},"end":{"line":25,"column":9}},{"start":{},"end":{}}],"line":18},"1":{"loc":{"start":{"line":19,"column":8},"end":{"line":20,"column":47}},"type":"binary-expr","locations":[{"start":{"line":19,"column":8},"end":{"line":19,"column":47}},{"start":{"line":20,"column":8},"end":{"line":20,"column":47}}],"line":19},"2":{"loc":{"start":{"line":43,"column":17},"end":{"line":43,"column":51}},"type":"binary-expr","locations":[{"start":{"line":43,"column":17},"end":{"line":43,"column":33}},{"start":{"line":43,"column":37},"end":{"line":43,"column":51}}],"line":43}},"s":{"0":1,"1":1,"2":1,"3":1,"4":1,"5":1,"6":2,"7":2,"8":2,"9":2,"10":2,"11":2,"12":1,"13":1,"14":1,"15":1,"16":1,"17":1,"18":1,"19":1,"20":1,"21":1,"22":4,"23":4,"24":4,"25":4,"26":1,"27":1,"28":1},"f":{"0":1,"1":2,"2":2,"3":2,"4":1,"5":4,"6":1},"b":{"0":[1,1],"1":[2,1],"2":[4,1]},"_coverageSchema":"1a1c01bbd47fc00a2c39e90264f33305004495a9","hash":"8ad8813d6dd683d0ca55f9577e07dd3442682f56","contentHash":"d517923575bc7434a85771035f6eab4435ffb5c2cc3049ae11f251bd7f57360c"}}