{"/home/davi/Documentos/Projetos/JS_EXPERT/js-expert-study/aula-05-tdd-project-pt-02/src/service/carService.js":{"path":"/home/davi/Documentos/Projetos/JS_EXPERT/js-expert-study/aula-05-tdd-project-pt-02/src/service/carService.js","statementMap":{"0":{"start":{"line":1,"column":23},"end":{"line":1,"column":74}},"1":{"start":{"line":5,"column":4},"end":{"line":5,"column":60}},"2":{"start":{"line":9,"column":23},"end":{"line":9,"column":34}},"3":{"start":{"line":10,"column":4},"end":{"line":10,"column":50}},"4":{"start":{"line":14,"column":27},"end":{"line":14,"column":78}},"5":{"start":{"line":15,"column":18},"end":{"line":15,"column":52}},"6":{"start":{"line":16,"column":4},"end":{"line":16,"column":17}},"7":{"start":{"line":20,"column":18},"end":{"line":20,"column":51}},"8":{"start":{"line":21,"column":16},"end":{"line":21,"column":52}},"9":{"start":{"line":22,"column":4},"end":{"line":22,"column":15}},"10":{"start":{"line":26,"column":0},"end":{"line":26,"column":28}}},"fnMap":{"0":{"name":"(anonymous_0)","decl":{"start":{"line":4,"column":2},"end":{"line":4,"column":3}},"loc":{"start":{"line":4,"column":24},"end":{"line":6,"column":3}},"line":4},"1":{"name":"(anonymous_1)","decl":{"start":{"line":8,"column":2},"end":{"line":8,"column":3}},"loc":{"start":{"line":8,"column":35},"end":{"line":11,"column":3}},"line":8},"2":{"name":"(anonymous_2)","decl":{"start":{"line":13,"column":2},"end":{"line":13,"column":3}},"loc":{"start":{"line":13,"column":31},"end":{"line":17,"column":3}},"line":13},"3":{"name":"(anonymous_3)","decl":{"start":{"line":19,"column":2},"end":{"line":19,"column":3}},"loc":{"start":{"line":19,"column":37},"end":{"line":23,"column":3}},"line":19}},"branchMap":{},"s":{"0":1,"1":1,"2":2,"3":2,"4":2,"5":2,"6":2,"7":1,"8":1,"9":1,"10":1},"f":{"0":1,"1":2,"2":2,"3":1},"b":{},"_coverageSchema":"1a1c01bbd47fc00a2c39e90264f33305004495a9","hash":"db13f78d6fe92748d3664996c4773850126e77b0","contentHash":"4294f903c7498f04a08f72f10a414d74f457c6ea0f2b16ee21637fa7803250c4"},"/home/davi/Documentos/Projetos/JS_EXPERT/js-expert-study/aula-05-tdd-project-pt-02/src/repository/base/baseRepository.js":{"path":"/home/davi/Documentos/Projetos/JS_EXPERT/js-expert-study/aula-05-tdd-project-pt-02/src/repository/base/baseRepository.js","statementMap":{"0":{"start":{"line":1,"column":19},"end":{"line":1,"column":41}},"1":{"start":{"line":5,"column":4},"end":{"line":5,"column":21}},"2":{"start":{"line":9,"column":20},"end":{"line":9,"column":57}},"3":{"start":{"line":10,"column":4},"end":{"line":10,"column":31}},"4":{"start":{"line":10,"column":16},"end":{"line":10,"column":31}},"5":{"start":{"line":11,"column":4},"end":{"line":11,"column":49}},"6":{"start":{"line":11,"column":34},"end":{"line":11,"column":47}},"7":{"start":{"line":15,"column":0},"end":{"line":15,"column":32}}},"fnMap":{"0":{"name":"(anonymous_0)","decl":{"start":{"line":4,"column":2},"end":{"line":4,"column":3}},"loc":{"start":{"line":4,"column":22},"end":{"line":6,"column":3}},"line":4},"1":{"name":"(anonymous_1)","decl":{"start":{"line":8,"column":2},"end":{"line":8,"column":3}},"loc":{"start":{"line":8,"column":21},"end":{"line":12,"column":3}},"line":8},"2":{"name":"(anonymous_2)","decl":{"start":{"line":11,"column":24},"end":{"line":11,"column":25}},"loc":{"start":{"line":11,"column":34},"end":{"line":11,"column":47}},"line":11}},"branchMap":{"0":{"loc":{"start":{"line":10,"column":4},"end":{"line":10,"column":31}},"type":"if","locations":[{"start":{"line":10,"column":4},"end":{"line":10,"column":31}},{"start":{},"end":{}}],"line":10}},"s":{"0":1,"1":1,"2":0,"3":0,"4":0,"5":0,"6":0,"7":1},"f":{"0":1,"1":0,"2":0},"b":{"0":[0,0]},"_coverageSchema":"1a1c01bbd47fc00a2c39e90264f33305004495a9","hash":"3a34a22352edf0be903f73b2494e300f31dc1077","contentHash":"9fd3f7bfd132251961a58fd7e23e348315a964474d62d1b6308259b2bcf71d1d"}}